0 info it worked if it ends with ok
1 verbose cli [ '/Users/seanyesmunt/.nvm/versions/node/v5.12.0/bin/node',
1 verbose cli   '/Users/seanyesmunt/.nvm/versions/node/v5.12.0/bin/npm',
1 verbose cli   'start' ]
2 info using npm@3.8.6
3 info using node@v5.12.0
4 verbose run-script [ 'prestart', 'start', 'poststart' ]
5 info lifecycle mirrr@0.0.0~prestart: mirrr@0.0.0
6 silly lifecycle mirrr@0.0.0~prestart: no script for prestart, continuing
7 info lifecycle mirrr@0.0.0~start: mirrr@0.0.0
8 verbose lifecycle mirrr@0.0.0~start: unsafe-perm in lifecycle true
9 verbose lifecycle mirrr@0.0.0~start: PATH: /Users/seanyesmunt/.nvm/versions/node/v5.12.0/lib/node_modules/npm/bin/node-gyp-bin:/Users/seanyesmunt/Workspace/mirrR/node_modules/.bin:/Users/seanyesmunt/.nvm/versions/node/v5.12.0/bin:/Users/seanyesmunt/.nvm/versions/node/v5.12.0/bin:/Users/seanyesmunt/.local/bin:/Users/seanyesmunt/Library/Android/sdk/platform-tools:/Users/seanyesmunt/Library/Android/sdk/tools:/usr/local/bin:/usr/bin:/bin:/usr/sbin:/sbin:/Users/seanyesmunt/Library/Android/sdk/platform-tools/
10 verbose lifecycle mirrr@0.0.0~start: CWD: /Users/seanyesmunt/Workspace/mirrR
11 silly lifecycle mirrr@0.0.0~start: Args: [ '-c', 'builder concurrent mirror server' ]
12 silly lifecycle mirrr@0.0.0~start: Returned: code: 1  signal: null
13 info lifecycle mirrr@0.0.0~start: Failed to exec start script
14 verbose stack Error: mirrr@0.0.0 start: `builder concurrent mirror server`
14 verbose stack Exit status 1
14 verbose stack     at EventEmitter.<anonymous> (/Users/seanyesmunt/.nvm/versions/node/v5.12.0/lib/node_modules/npm/lib/utils/lifecycle.js:239:16)
14 verbose stack     at emitTwo (events.js:100:13)
14 verbose stack     at EventEmitter.emit (events.js:185:7)
14 verbose stack     at ChildProcess.<anonymous> (/Users/seanyesmunt/.nvm/versions/node/v5.12.0/lib/node_modules/npm/lib/utils/spawn.js:24:14)
14 verbose stack     at emitTwo (events.js:100:13)
14 verbose stack     at ChildProcess.emit (events.js:185:7)
14 verbose stack     at maybeClose (internal/child_process.js:850:16)
14 verbose stack     at Process.ChildProcess._handle.onexit (internal/child_process.js:215:5)
15 verbose pkgid mirrr@0.0.0
16 verbose cwd /Users/seanyesmunt/Workspace/mirrR
17 error Darwin 16.1.0
18 error argv "/Users/seanyesmunt/.nvm/versions/node/v5.12.0/bin/node" "/Users/seanyesmunt/.nvm/versions/node/v5.12.0/bin/npm" "start"
19 error node v5.12.0
20 error npm  v3.8.6
21 error code ELIFECYCLE
22 error mirrr@0.0.0 start: `builder concurrent mirror server`
22 error Exit status 1
23 error Failed at the mirrr@0.0.0 start script 'builder concurrent mirror server'.
23 error Make sure you have the latest version of node.js and npm installed.
23 error If you do, this is most likely a problem with the mirrr package,
23 error not with npm itself.
23 error Tell the author that this fails on your system:
23 error     builder concurrent mirror server
23 error You can get information on how to open an issue for this project with:
23 error     npm bugs mirrr
23 error Or if that isn't available, you can get their info via:
23 error     npm owner ls mirrr
23 error There is likely additional logging output above.
24 verbose exit [ 1, true ]
